---------------------------------------------------------------
[ 2018-01-27T23:21:20+08:00 ] 127.0.0.1 GET /
[ info ] admin.pyb.tp/ [运行时间：1.733099s][吞吐率：0.58req/s] [内存消耗：1,599.66kb] [文件加载：69]
[ info ] [ LANG ] F:\workspace\phpstorm\sirius-pyb\service\thinkphp/lang/zh-cn.php
[ info ] [ LANG ] F:\workspace\phpstorm\sirius-pyb\service\application/lang/zh-cn.php
[ info ] [ ROUTE ] array (
  'rule' => '/',
  'route' => 'admin/index/index',
  'option' => 
  array (
  ),
  'var' => 
  array (
  ),
)
[ info ] [ HEADER ] array (
  'accept-language' => 'zh-CN,zh;q=0.9',
  'accept-encoding' => 'gzip, deflate',
  'accept' => 'text/html,application/xhtml+xml,application/xml;q=0.9,image/webp,image/apng,*/*;q=0.8',
  'upgrade-insecure-requests' => '1',
  'user-agent' => 'Mozilla/5.0 (Windows NT 6.1; Win64; x64) AppleWebKit/537.36 (KHTML, like Gecko) Chrome/63.0.3239.132 Safari/537.36',
  'cache-control' => 'max-age=0',
  'connection' => 'keep-alive',
  'host' => 'admin.pyb.tp',
  'content-length' => '',
  'content-type' => '',
)
[ info ] [ PARAM ] array (
)
[ info ] [ LANG ] F:\workspace\phpstorm\sirius-pyb\service\application/admin/lang/zh-cn.php
[ info ] [ CACHE ] INIT File
[ info ] [ LOG ] INIT File
---------------------------------------------------------------
[ 2018-01-27T23:37:27+08:00 ] 127.0.0.1 GET /
[ info ] admin.pyb.tp/ [运行时间：0.861049s][吞吐率：1.16req/s] [内存消耗：1,599.73kb] [文件加载：69]
[ info ] [ LANG ] F:\workspace\phpstorm\sirius-pyb\service\thinkphp/lang/zh-cn.php
[ info ] [ LANG ] F:\workspace\phpstorm\sirius-pyb\service\application/lang/zh-cn.php
[ info ] [ ROUTE ] array (
  'rule' => '/',
  'route' => 'admin/index/index',
  'option' => 
  array (
  ),
  'var' => 
  array (
  ),
)
[ info ] [ HEADER ] array (
  'cookie' => 'thinkphp_show_page_trace=0|0',
  'accept-language' => 'zh-CN,zh;q=0.9',
  'accept-encoding' => 'gzip, deflate',
  'accept' => 'text/html,application/xhtml+xml,application/xml;q=0.9,image/webp,image/apng,*/*;q=0.8',
  'upgrade-insecure-requests' => '1',
  'user-agent' => 'Mozilla/5.0 (Windows NT 6.1; Win64; x64) AppleWebKit/537.36 (KHTML, like Gecko) Chrome/63.0.3239.132 Safari/537.36',
  'cache-control' => 'max-age=0',
  'connection' => 'keep-alive',
  'host' => 'admin.pyb.tp',
  'content-length' => '',
  'content-type' => '',
)
[ info ] [ PARAM ] array (
)
[ info ] [ LANG ] F:\workspace\phpstorm\sirius-pyb\service\application/admin/lang/zh-cn.php
[ info ] [ CACHE ] INIT File
[ info ] [ LOG ] INIT File
---------------------------------------------------------------
[ 2018-01-27T23:37:31+08:00 ] 127.0.0.1 GET /
[ info ] admin.pyb.tp/ [运行时间：0.725042s][吞吐率：1.38req/s] [内存消耗：1,599.73kb] [文件加载：69]
[ info ] [ LANG ] F:\workspace\phpstorm\sirius-pyb\service\thinkphp/lang/zh-cn.php
[ info ] [ LANG ] F:\workspace\phpstorm\sirius-pyb\service\application/lang/zh-cn.php
[ info ] [ ROUTE ] array (
  'rule' => '/',
  'route' => 'admin/index/index',
  'option' => 
  array (
  ),
  'var' => 
  array (
  ),
)
[ info ] [ HEADER ] array (
  'cookie' => 'thinkphp_show_page_trace=0|0',
  'accept-language' => 'zh-CN,zh;q=0.9',
  'accept-encoding' => 'gzip, deflate',
  'accept' => 'text/html,application/xhtml+xml,application/xml;q=0.9,image/webp,image/apng,*/*;q=0.8',
  'upgrade-insecure-requests' => '1',
  'user-agent' => 'Mozilla/5.0 (Windows NT 6.1; Win64; x64) AppleWebKit/537.36 (KHTML, like Gecko) Chrome/63.0.3239.132 Safari/537.36',
  'cache-control' => 'max-age=0',
  'connection' => 'keep-alive',
  'host' => 'admin.pyb.tp',
  'content-length' => '',
  'content-type' => '',
)
[ info ] [ PARAM ] array (
)
[ info ] [ LANG ] F:\workspace\phpstorm\sirius-pyb\service\application/admin/lang/zh-cn.php
[ info ] [ CACHE ] INIT File
[ info ] [ LOG ] INIT File
