#
# There is insufficient memory for the Java Runtime Environment to continue.
# Native memory allocation (malloc) failed to allocate 2832 bytes for AllocateHeap
# Possible reasons:
#   The system is out of physical RAM or swap space
#   In 32 bit mode, the process size limit was hit
# Possible solutions:
#   Reduce memory load on the system
#   Increase physical memory or swap space
#   Check if swap backing store is full
#   Use 64 bit Java on a 64 bit OS
#   Decrease Java heap size (-Xmx/-Xms)
#   Decrease number of Java threads
#   Decrease Java thread stack sizes (-Xss)
#   Set larger code cache with -XX:ReservedCodeCacheSize=
# This output file may be truncated or incomplete.
#
#  Out of Memory Error (memory/allocation.inline.hpp:61), pid=29264, tid=0x0000000000002424
#
# JRE version: Java(TM) SE Runtime Environment (8.0_162-b12) (build 1.8.0_162-b12)
# Java VM: Java HotSpot(TM) 64-Bit Server VM (25.162-b12 mixed mode windows-amd64 compressed oops)
# Failed to write core dump. Minidumps are not enabled by default on client versions of Windows
#

---------------  T H R E A D  ---------------

Current thread (0x0000000003092800):  JavaThread "main" [_thread_in_Java, id=9252, stack(0x0000000002b50000,0x0000000002c50000)]

Stack: [0x0000000002b50000,0x0000000002c50000]
[error occurred during error reporting (printing stack bounds), id 0xe0000000]

Native frames: (J=compiled Java code, j=interpreted, Vv=VM code, C=native code)

Java frames: (J=compiled Java code, j=interpreted, Vv=VM code)
v  blob 0x00000000031d57ba
J 1375 C2 com.esotericsoftware.kryo.io.Input.require(I)I (160 bytes) @ 0x00000000035e400c [0x00000000035e3e20+0x1ec]
J 1186 C1 com.esotericsoftware.kryo.io.Input.readInt(Z)I (192 bytes) @ 0x000000000355d234 [0x000000000355d1a0+0x94]
J 1185 C1 org.gradle.internal.serialize.kryo.KryoBackedDecoder.readSmallInt()I (16 bytes) @ 0x000000000355c744 [0x000000000355c6a0+0xa4]
J 1184 C1 org.gradle.internal.serialize.DefaultSerializerRegistry$TaggedTypeSerializer.read(Lorg/gradle/internal/serialize/Decoder;)Ljava/lang/Object; (66 bytes) @ 0x000000000355acdc [0x000000000355abc0+0x11c]
J 1351 C1 org.gradle.internal.remote.internal.inet.SocketConnection.receive()Ljava/lang/Object; (142 bytes) @ 0x00000000035cca4c [0x00000000035cc8a0+0x1ac]
J 1323 C1 org.gradle.launcher.daemon.client.DaemonClientConnection.receive()Lorg/gradle/launcher/daemon/protocol/Message; (81 bytes) @ 0x00000000035bb48c [0x00000000035bb3c0+0xcc]
J 1346 C1 org.gradle.launcher.daemon.client.DaemonClientConnection.receive()Ljava/lang/Object; (5 bytes) @ 0x00000000035cb80c [0x00000000035cb780+0x8c]
j  org.gradle.launcher.daemon.client.DaemonClient.monitorBuild(Lorg/gradle/launcher/daemon/protocol/Build;Lorg/gradle/launcher/daemon/diagnostics/DaemonDiagnostics;Lorg/gradle/internal/remote/internal/Connection;Lorg/gradle/initialization/BuildCancellationToken;Lorg/gradle/initialization/BuildEventConsumer;)Ljava/lang/Object;+44
j  org.gradle.launcher.daemon.client.DaemonClient.executeBuild(Lorg/gradle/launcher/daemon/protocol/Build;Lorg/gradle/launcher/daemon/client/DaemonClientConnection;Lorg/gradle/initialization/BuildCancellationToken;Lorg/gradle/initialization/BuildEventConsumer;)Ljava/lang/Object;+115
j  org.gradle.launcher.daemon.client.DaemonClient.execute(Lorg/gradle/internal/invocation/BuildAction;Lorg/gradle/initialization/BuildRequestContext;Lorg/gradle/launcher/exec/BuildActionParameters;Lorg/gradle/internal/service/ServiceRegistry;)Ljava/lang/Object;+147
j  org.gradle.launcher.daemon.client.DaemonClient.execute(Lorg/gradle/internal/invocation/BuildAction;Lorg/gradle/initialization/BuildRequestContext;Ljava/lang/Object;Lorg/gradle/internal/service/ServiceRegistry;)Ljava/lang/Object;+9
j  org.gradle.launcher.cli.RunBuildAction.run()V+59
j  org.gradle.internal.Actions$RunnableActionAdapter.execute(Ljava/lang/Object;)V+4
j  org.gradle.launcher.cli.CommandLineActionFactory$ParseAndBuildAction.execute(Lorg/gradle/launcher/bootstrap/ExecutionListener;)V+124
j  org.gradle.launcher.cli.CommandLineActionFactory$ParseAndBuildAction.execute(Ljava/lang/Object;)V+5
j  org.gradle.launcher.cli.JavaRuntimeValidationAction.execute(Lorg/gradle/launcher/bootstrap/ExecutionListener;)V+13
j  org.gradle.launcher.cli.JavaRuntimeValidationAction.execute(Ljava/lang/Object;)V+5
j  org.gradle.launcher.cli.ExceptionReportingAction.execute(Lorg/gradle/launcher/bootstrap/ExecutionListener;)V+5
j  org.gradle.launcher.cli.ExceptionReportingAction.execute(Ljava/lang/Object;)V+5
j  org.gradle.launcher.cli.CommandLineActionFactory$WithLogging.execute(Lorg/gradle/launcher/bootstrap/ExecutionListener;)V+319
j  org.gradle.launcher.cli.CommandLineActionFactory$WithLogging.execute(Ljava/lang/Object;)V+5
j  org.gradle.launcher.Main.doAction([Ljava/lang/String;Lorg/gradle/launcher/bootstrap/ExecutionListener;)V+12
j  org.gradle.launcher.bootstrap.EntryPoint.run([Ljava/lang/String;)V+12
v  ~StubRoutines::call_stub
j  sun.reflect.NativeMethodAccessorImpl.invoke0(Ljava/lang/reflect/Method;Ljava/lang/Object;[Ljava/lang/Object;)Ljava/lang/Object;+0
j  sun.reflect.NativeMethodAccessorImpl.invoke(Ljava/lang/Object;[Ljava/lang/Object;)Ljava/lang/Object;+100
j  sun.reflect.DelegatingMethodAccessorImpl.invoke(Ljava/lang/Object;[Ljava/lang/Object;)Ljava/lang/Object;+6
j  java.lang.reflect.Method.invoke(Ljava/lang/Object;[Ljava/lang/Object;)Ljava/lang/Object;+56
j  org.gradle.launcher.bootstrap.ProcessBootstrap.runNoExit(Ljava/lang/String;[Ljava/lang/String;)V+147
j  org.gradle.launcher.bootstrap.ProcessBootstrap.run(Ljava/lang/String;[Ljava/lang/String;)V+3
j  org.gradle.launcher.GradleMain.main([Ljava/lang/String;)V+10
v  ~StubRoutines::call_stub
j  sun.reflect.NativeMethodAccessorImpl.invoke0(Ljava/lang/reflect/Method;Ljava/lang/Object;[Ljava/lang/Object;)Ljava/lang/Object;+0
j  sun.reflect.NativeMethodAccessorImpl.invoke(Ljava/lang/Object;[Ljava/lang/Object;)Ljava/lang/Object;+100
j  sun.reflect.DelegatingMethodAccessorImpl.invoke(Ljava/lang/Object;[Ljava/lang/Object;)Ljava/lang/Object;+6
j  java.lang.reflect.Method.invoke(Ljava/lang/Object;[Ljava/lang/Object;)Ljava/lang/Object;+56
j  org.gradle.wrapper.BootstrapMainStarter.start([Ljava/lang/String;Ljava/io/File;)V+82
j  org.gradle.wrapper.WrapperExecutor.execute([Ljava/lang/String;Lorg/gradle/wrapper/Install;Lorg/gradle/wrapper/BootstrapMainStarter;)V+14
j  org.gradle.wrapper.GradleWrapperMain.main([Ljava/lang/String;)V+188
v  ~StubRoutines::call_stub

---------------  P R O C E S S  ---------------

Java Threads: ( => current thread )
  0x0000000018c04800 JavaThread "forward input" [_thread_blocked, id=38080, stack(0x000000001a6f0000,0x000000001a7f0000)]
  0x0000000019e1b800 JavaThread "DisconnectableInputStream source reader" daemon [_thread_in_native, id=4524, stack(0x000000001a5f0000,0x000000001a6f0000)]
  0x0000000019cb3000 JavaThread "pool-1-thread-1" [_thread_blocked, id=31916, stack(0x0000000019ed0000,0x0000000019fd0000)]
  0x0000000018c5e000 JavaThread "Service Thread" daemon [_thread_blocked, id=39416, stack(0x00000000194d0000,0x00000000195d0000)]
  0x0000000018c23800 JavaThread "C1 CompilerThread2" daemon [_thread_blocked, id=19556, stack(0x00000000193d0000,0x00000000194d0000)]
  0x0000000018bda000 JavaThread "C2 CompilerThread1" daemon [_thread_blocked, id=43632, stack(0x00000000192d0000,0x00000000193d0000)]
  0x00000000178cc800 JavaThread "C2 CompilerThread0" daemon [_thread_blocked, id=32072, stack(0x00000000191d0000,0x00000000192d0000)]
  0x0000000017881000 JavaThread "Attach Listener" daemon [_thread_blocked, id=14060, stack(0x00000000190d0000,0x00000000191d0000)]
  0x0000000017880000 JavaThread "Signal Dispatcher" daemon [_thread_blocked, id=42844, stack(0x0000000018fd0000,0x00000000190d0000)]
  0x000000001785a000 JavaThread "Finalizer" daemon [_thread_blocked, id=14140, stack(0x0000000018ad0000,0x0000000018bd0000)]
  0x0000000003183800 JavaThread "Reference Handler" daemon [_thread_blocked, id=6260, stack(0x00000000189d0000,0x0000000018ad0000)]
=>0x0000000003092800 JavaThread "main" [_thread_in_Java, id=9252, stack(0x0000000002b50000,0x0000000002c50000)]

Other Threads:
  0x0000000017837000 VMThread [stack: 0x00000000188d0000,0x00000000189d0000] [id=2348]
  0x0000000018c7e000 WatcherThread [stack: 0x00000000195d0000,0x00000000196d0000] [id=30292]

VM state:not at safepoint (normal execution)

VM Mutex/Monitor currently owned by a thread: None

Heap:
 PSYoungGen      total 35840K, used 28684K [0x00000000d8580000, 0x00000000dad80000, 0x0000000100000000)
  eden space 30720K, 76% used [0x00000000d8580000,0x00000000d9c88988,0x00000000da380000)
  from space 5120K, 99% used [0x00000000da380000,0x00000000da87a998,0x00000000da880000)
  to   space 5120K, 0% used [0x00000000da880000,0x00000000da880000,0x00000000dad80000)
 ParOldGen       total 81920K, used 382K [0x0000000089000000, 0x000000008e000000, 0x00000000d8580000)
  object space 81920K, 0% used [0x0000000089000000,0x000000008905f8c8,0x000000008e000000)
 Metaspace       used 11840K, capacity 12232K, committed 12544K, reserved 1060864K
  class space    used 1545K, capacity 1687K, committed 1792K, reserved 1048576K

Card table byte_map: [0x0000000012550000,0x0000000012910000] byte_map_base: 0x0000000012108000

Marking Bits: (ParMarkBitMap*) 0x0000000051590860
 Begin Bits: [0x0000000012f90000, 0x0000000014d50000)
 End Bits:   [0x0000000014d50000, 0x0000000016b10000)

Polling page: 0x0000000000e90000

CodeCache: size=245760Kb used=4870Kb max_used=4881Kb free=240890Kb
 bounds [0x0000000003190000, 0x0000000003660000, 0x0000000012190000]
 total_blobs=1864 nmethods=1497 adapters=279
 compilation: enabled

Compilation events (10 events):
Event: 232.317 Thread 0x00000000178cc800 1496       4       java.lang.Class::getName (21 bytes)
Event: 232.317 Thread 0x00000000178cc800 nmethod 1496 0x0000000003625fd0 code [0x0000000003626120, 0x00000000036261c8]
Event: 232.351 Thread 0x0000000018c23800 1497       1       java.nio.DirectByteBuffer::address (5 bytes)
Event: 232.352 Thread 0x0000000018c23800 nmethod 1497 0x0000000003625c90 code [0x0000000003625de0, 0x0000000003625ef0]
Event: 232.601 Thread 0x0000000018bda000 1498       4       java.util.HashMap::removeNode (291 bytes)
Event: 232.617 Thread 0x0000000018bda000 nmethod 1498 0x000000000362ff10 code [0x00000000036300a0, 0x0000000003630838]
Event: 234.411 Thread 0x0000000018c23800 1499       1       org.gradle.internal.logging.console.Cursor::bottomLeft (11 bytes)
Event: 234.412 Thread 0x0000000018c23800 nmethod 1499 0x000000000362fc50 code [0x000000000362fda0, 0x000000000362feb0]
Event: 237.031 Thread 0x0000000018c23800 1500       3       java.util.concurrent.locks.ReentrantLock$NonfairSync::tryAcquire (6 bytes)
Event: 237.032 Thread 0x0000000018c23800 nmethod 1500 0x000000000362b050 code [0x000000000362b1c0, 0x000000000362b3c8]

GC Heap History (2 events):
Event: 3.703 GC heap before
{Heap before GC invocations=1 (full 0):
 PSYoungGen      total 35840K, used 30720K [0x00000000d8580000, 0x00000000dad80000, 0x0000000100000000)
  eden space 30720K, 100% used [0x00000000d8580000,0x00000000da380000,0x00000000da380000)
  from space 5120K, 0% used [0x00000000da880000,0x00000000da880000,0x00000000dad80000)
  to   space 5120K, 0% used [0x00000000da380000,0x00000000da380000,0x00000000da880000)
 ParOldGen       total 81920K, used 0K [0x0000000089000000, 0x000000008e000000, 0x00000000d8580000)
  object space 81920K, 0% used [0x0000000089000000,0x0000000089000000,0x000000008e000000)
 Metaspace       used 9389K, capacity 9736K, committed 9856K, reserved 1058816K
  class space    used 1264K, capacity 1391K, committed 1408K, reserved 1048576K
Event: 3.711 GC heap after
Heap after GC invocations=1 (full 0):
 PSYoungGen      total 35840K, used 5098K [0x00000000d8580000, 0x00000000dad80000, 0x0000000100000000)
  eden space 30720K, 0% used [0x00000000d8580000,0x00000000d8580000,0x00000000da380000)
  from space 5120K, 99% used [0x00000000da380000,0x00000000da87a998,0x00000000da880000)
  to   space 5120K, 0% used [0x00000000da880000,0x00000000da880000,0x00000000dad80000)
 ParOldGen       total 81920K, used 382K [0x0000000089000000, 0x000000008e000000, 0x00000000d8580000)
  object space 81920K, 0% used [0x0000000089000000,0x000000008905f8c8,0x000000008e000000)
 Metaspace       used 9389K, capacity 9736K, committed 9856K, reserved 1058816K
  class space    used 1264K, capacity 1391K, committed 1408K, reserved 1048576K
}

Deoptimization events (10 events):
Event: 1.526 Thread 0x0000000003092800 Uncommon trap: reason=class_check action=maybe_recompile pc=0x000000000343a1f8 method=java.util.HashMap.putVal(ILjava/lang/Object;Ljava/lang/Object;ZZ)Ljava/lang/Object; @ 203
Event: 10.279 Thread 0x0000000019cb3000 Uncommon trap: reason=unstable_if action=reinterpret pc=0x00000000033dd128 method=java.util.HashMap.hash(Ljava/lang/Object;)I @ 1
Event: 10.339 Thread 0x0000000003092800 Uncommon trap: reason=unstable_if action=reinterpret pc=0x00000000034bff7c method=java.util.concurrent.ConcurrentHashMap.putVal(Ljava/lang/Object;Ljava/lang/Object;Z)Ljava/lang/Object; @ 206
Event: 18.178 Thread 0x0000000019cb3000 Uncommon trap: reason=unstable_if action=reinterpret pc=0x00000000035167c4 method=java.io.BufferedOutputStream.write(I)V @ 9
Event: 18.277 Thread 0x0000000019cb3000 Uncommon trap: reason=unstable_if action=reinterpret pc=0x0000000003515f50 method=java.io.BufferedOutputStream.write(I)V @ 9
Event: 18.376 Thread 0x0000000019cb3000 Uncommon trap: reason=unstable_if action=reinterpret pc=0x00000000035085e8 method=java.io.BufferedOutputStream.write(I)V @ 9
Event: 31.680 Thread 0x0000000019cb3000 Uncommon trap: reason=unstable_if action=reinterpret pc=0x000000000353f8b8 method=java.io.PrintStream.write(I)V @ 19
Event: 55.201 Thread 0x0000000003092800 Uncommon trap: reason=unstable_if action=reinterpret pc=0x00000000035e8548 method=com.esotericsoftware.kryo.io.Input.readUtf8(I)V @ 79
Event: 231.465 Thread 0x0000000019cb3000 Uncommon trap: reason=unstable_if action=reinterpret pc=0x0000000003622d54 method=java.util.concurrent.locks.ReentrantLock$Sync.nonfairTryAcquire(I)Z @ 10
Event: 242.086 Thread 0x0000000003092800 Uncommon trap: reason=unloaded action=reinterpret pc=0x00000000035e400c method=com.esotericsoftware.kryo.io.Input.fill([BII)I @ 22

Classes redefined (0 events):
No events

Internal exceptions (10 events):
Event: 10.348 Thread 0x0000000003092800 Exception <a 'java/lang/NoSuchMethodError': <clinit>> (0x00000000d8ea8938) thrown at [C:\re\workspace\8-2-build-windows-amd64-cygwin\jdk8u162\10278\hotspot\src\share\vm\prims\jni.cpp, line 1613]
Event: 10.351 Thread 0x0000000003092800 Exception <a 'java/lang/NoSuchMethodError': <clinit>> (0x00000000d8ec4e90) thrown at [C:\re\workspace\8-2-build-windows-amd64-cygwin\jdk8u162\10278\hotspot\src\share\vm\prims\jni.cpp, line 1613]
Event: 10.445 Thread 0x0000000003092800 Exception <a 'java/lang/NoSuchMethodError': <clinit>> (0x00000000d8f130a8) thrown at [C:\re\workspace\8-2-build-windows-amd64-cygwin\jdk8u162\10278\hotspot\src\share\vm\prims\jni.cpp, line 1613]
Event: 10.449 Thread 0x0000000003092800 Exception <a 'java/lang/NoSuchMethodError': <clinit>> (0x00000000d8f33160) thrown at [C:\re\workspace\8-2-build-windows-amd64-cygwin\jdk8u162\10278\hotspot\src\share\vm\prims\jni.cpp, line 1613]
Event: 10.450 Thread 0x0000000003092800 Exception <a 'java/lang/NoSuchMethodError': <clinit>> (0x00000000d8f3b950) thrown at [C:\re\workspace\8-2-build-windows-amd64-cygwin\jdk8u162\10278\hotspot\src\share\vm\prims\jni.cpp, line 1613]
Event: 10.451 Thread 0x0000000003092800 Exception <a 'java/lang/NoSuchMethodError': <clinit>> (0x00000000d8f48ac8) thrown at [C:\re\workspace\8-2-build-windows-amd64-cygwin\jdk8u162\10278\hotspot\src\share\vm\prims\jni.cpp, line 1613]
Event: 10.454 Thread 0x0000000003092800 Exception <a 'java/lang/NoSuchMethodError': <clinit>> (0x00000000d8f62038) thrown at [C:\re\workspace\8-2-build-windows-amd64-cygwin\jdk8u162\10278\hotspot\src\share\vm\prims\jni.cpp, line 1613]
Event: 10.586 Thread 0x0000000003092800 Exception <a 'java/lang/NoSuchMethodError': <clinit>> (0x00000000d8f83350) thrown at [C:\re\workspace\8-2-build-windows-amd64-cygwin\jdk8u162\10278\hotspot\src\share\vm\prims\jni.cpp, line 1613]
Event: 10.587 Thread 0x0000000003092800 Exception <a 'java/lang/NoSuchMethodError': <clinit>> (0x00000000d8f8d0c8) thrown at [C:\re\workspace\8-2-build-windows-amd64-cygwin\jdk8u162\10278\hotspot\src\share\vm\prims\jni.cpp, line 1613]
Event: 242.084 Thread 0x0000000003092800 Exception <a 'java/io/IOException'> (0x00000000d99b4150) thrown at [C:\re\workspace\8-2-build-windows-amd64-cygwin\jdk8u162\10278\hotspot\src\share\vm\prims\jni.cpp, line 709]

Events (10 events):
Event: 67.661 Thread 0x0000000003092800 DEOPT UNPACKING pc=0x00000000031d7890 sp=0x0000000002c4cca0 mode 0
Event: 77.849 Thread 0x0000000018c23800 flushing nmethod 0x0000000003290450
Event: 77.849 Thread 0x0000000018c23800 flushing nmethod 0x000000000329ecd0
Event: 229.478 loading class java/util/AbstractList$1
Event: 229.502 loading class java/util/AbstractList$1 done
Event: 231.465 Thread 0x0000000019cb3000 Uncommon trap: trap_request=0xffffff65 fr.pc=0x0000000003622d54
Event: 231.465 Thread 0x0000000019cb3000 DEOPT PACKING pc=0x0000000003622d54 sp=0x0000000019fcef60
Event: 231.465 Thread 0x0000000019cb3000 DEOPT UNPACKING pc=0x00000000031d583b sp=0x0000000019fcee90 mode 2
Event: 242.086 Thread 0x0000000003092800 Uncommon trap: trap_request=0x00000014 fr.pc=0x00000000035e400c
Event: 242.086 Thread 0x0000000003092800 DEOPT PACKING pc=0x00000000035e400c sp=0x0000000002c4d330


Dynamic libraries:
0x00007ff6d84e0000 - 0x00007ff6d8517000 	D:\Program Files\Java\jdk1.8.0_162\bin\java.exe
0x00007ffe60810000 - 0x00007ffe609f1000 	C:\WINDOWS\SYSTEM32\ntdll.dll
0x00007ffe5ddf0000 - 0x00007ffe5dea2000 	C:\WINDOWS\System32\KERNEL32.DLL
0x00007ffe5cbe0000 - 0x00007ffe5ce53000 	C:\WINDOWS\System32\KERNELBASE.dll
0x00007ffe5deb0000 - 0x00007ffe5df51000 	C:\WINDOWS\System32\ADVAPI32.dll
0x00007ffe5f0a0000 - 0x00007ffe5f13e000 	C:\WINDOWS\System32\msvcrt.dll
0x00007ffe5e6f0000 - 0x00007ffe5e74b000 	C:\WINDOWS\System32\sechost.dll
0x00007ffe5eb20000 - 0x00007ffe5ec44000 	C:\WINDOWS\System32\RPCRT4.dll
0x00007ffe5e2d0000 - 0x00007ffe5e460000 	C:\WINDOWS\System32\USER32.dll
0x00007ffe5d570000 - 0x00007ffe5d590000 	C:\WINDOWS\System32\win32u.dll
0x00007ffe5ea50000 - 0x00007ffe5ea78000 	C:\WINDOWS\System32\GDI32.dll
0x00007ffe5d380000 - 0x00007ffe5d512000 	C:\WINDOWS\System32\gdi32full.dll
0x00007ffe5d1e0000 - 0x00007ffe5d27f000 	C:\WINDOWS\System32\msvcp_win.dll
0x00007ffe5d280000 - 0x00007ffe5d37a000 	C:\WINDOWS\System32\ucrtbase.dll
0x00007ffe46c90000 - 0x00007ffe46ef9000 	C:\WINDOWS\WinSxS\amd64_microsoft.windows.common-controls_6595b64144ccf1df_6.0.17134.472_none_fb3f9af53068156d\COMCTL32.dll
0x00007ffe5df90000 - 0x00007ffe5e2b2000 	C:\WINDOWS\System32\combase.dll
0x00007ffe5d0b0000 - 0x00007ffe5d12a000 	C:\WINDOWS\System32\bcryptPrimitives.dll
0x00007ffe5ea80000 - 0x00007ffe5eaad000 	C:\WINDOWS\System32\IMM32.DLL
0x0000000051610000 - 0x00000000516e1000 	D:\Program Files\Java\jdk1.8.0_162\jre\bin\msvcr100.dll
0x0000000050d70000 - 0x0000000051610000 	D:\Program Files\Java\jdk1.8.0_162\jre\bin\server\jvm.dll
0x00007ffe5eab0000 - 0x00007ffe5eab8000 	C:\WINDOWS\System32\PSAPI.DLL
0x00007ffe47810000 - 0x00007ffe47819000 	C:\WINDOWS\SYSTEM32\WSOCK32.dll
0x00007ffe5e5e0000 - 0x00007ffe5e64c000 	C:\WINDOWS\System32\WS2_32.dll
0x00007ffe59330000 - 0x00007ffe59353000 	C:\WINDOWS\SYSTEM32\WINMM.dll
0x00007ffe51e20000 - 0x00007ffe51e2a000 	C:\WINDOWS\SYSTEM32\VERSION.dll
0x00007ffe591b0000 - 0x00007ffe591da000 	C:\WINDOWS\SYSTEM32\WINMMBASE.dll
0x00007ffe5d520000 - 0x00007ffe5d569000 	C:\WINDOWS\System32\cfgmgr32.dll
0x0000000052aa0000 - 0x0000000052aaf000 	D:\Program Files\Java\jdk1.8.0_162\jre\bin\verify.dll
0x0000000050d40000 - 0x0000000050d69000 	D:\Program Files\Java\jdk1.8.0_162\jre\bin\java.dll
0x0000000050d20000 - 0x0000000050d36000 	D:\Program Files\Java\jdk1.8.0_162\jre\bin\zip.dll
0x00007ffe5f340000 - 0x00007ffe60780000 	C:\WINDOWS\System32\SHELL32.dll
0x00007ffe5f230000 - 0x00007ffe5f2d9000 	C:\WINDOWS\System32\shcore.dll
0x00007ffe5d590000 - 0x00007ffe5dc9d000 	C:\WINDOWS\System32\windows.storage.dll
0x00007ffe5f2e0000 - 0x00007ffe5f331000 	C:\WINDOWS\System32\shlwapi.dll
0x00007ffe5cb80000 - 0x00007ffe5cb91000 	C:\WINDOWS\System32\kernel.appcore.dll
0x00007ffe5cbc0000 - 0x00007ffe5cbdf000 	C:\WINDOWS\System32\profapi.dll
0x00007ffe5cb30000 - 0x00007ffe5cb7c000 	C:\WINDOWS\System32\powrprof.dll
0x00007ffe5cb20000 - 0x00007ffe5cb2a000 	C:\WINDOWS\System32\FLTLIB.DLL
0x0000000050d00000 - 0x0000000050d1a000 	D:\Program Files\Java\jdk1.8.0_162\jre\bin\net.dll
0x00007ffe5c3a0000 - 0x00007ffe5c406000 	C:\WINDOWS\system32\mswsock.dll
0x0000000050ce0000 - 0x0000000050cf1000 	D:\Program Files\Java\jdk1.8.0_162\jre\bin\nio.dll
0x00007ffe55e10000 - 0x00007ffe55e2e000 	C:\Users\sirius\.gradle\native\25\windows-amd64\native-platform.dll
0x00007ffe591a0000 - 0x00007ffe591aa000 	C:\Users\sirius\.gradle\native\jansi\1.14\windows64\jansi.dll
0x0000000050860000 - 0x000000005086d000 	D:\Program Files\Java\jdk1.8.0_162\jre\bin\management.dll
0x00007ffe5c550000 - 0x00007ffe5c567000 	C:\WINDOWS\SYSTEM32\CRYPTSP.dll
0x00007ffe5bf80000 - 0x00007ffe5bfb3000 	C:\WINDOWS\system32\rsaenh.dll
0x00007ffe5c680000 - 0x00007ffe5c6a5000 	C:\WINDOWS\SYSTEM32\bcrypt.dll
0x00007ffe5ca20000 - 0x00007ffe5ca48000 	C:\WINDOWS\SYSTEM32\USERENV.dll
0x00007ffe5c570000 - 0x00007ffe5c57b000 	C:\WINDOWS\SYSTEM32\CRYPTBASE.dll
0x00007ffe5c120000 - 0x00007ffe5c158000 	C:\WINDOWS\SYSTEM32\IPHLPAPI.DLL
0x00007ffe5e2c0000 - 0x00007ffe5e2c8000 	C:\WINDOWS\System32\NSI.dll
0x00007ffe532a0000 - 0x00007ffe532b6000 	C:\WINDOWS\SYSTEM32\dhcpcsvc6.DLL
0x00007ffe53280000 - 0x00007ffe5329a000 	C:\WINDOWS\SYSTEM32\dhcpcsvc.DLL

VM Arguments:
jvm_args: -Dorg.gradle.appname=gradlew 
java_command: org.gradle.wrapper.GradleWrapperMain installDebug
java_class_path (initial): E:\workspace\sirius-admin\react_native_app\android\\gradle\wrapper\gradle-wrapper.jar
Launcher Type: SUN_STANDARD

Environment Variables:
JAVA_HOME=D:\Program Files\Java\jdk1.8.0_162
CLASSPATH=E:\workspace\sirius-admin\react_native_app\android\\gradle\wrapper\gradle-wrapper.jar
PATH=C:\Users\sirius\.windows-build-tools\python27\;C:\Users\sirius\.windows-build-tools\python27\Scripts;D:\Program\Python37\Scripts\;D:\Program\Python37\;D:\Program Files\Python37\Scripts\;D:\Program Files\Python37\;C:\ProgramData\Oracle\Java\javapath;C:\Program Files (x86)\Intel\iCLS Client\;C:\Program Files\Intel\iCLS Client\;C:\WINDOWS\system32;C:\WINDOWS;C:\WINDOWS\System32\Wbem;C:\WINDOWS\System32\WindowsPowerShell\v1.0\;C:\Program Files (x86)\Intel\Intel(R) Management Engine Components\DAL;C:\Program Files\Intel\Intel(R) Management Engine Components\DAL;C:\Program Files (x86)\Intel\Intel(R) Management Engine Components\IPT;C:\Program Files\Intel\Intel(R) Management Engine Components\IPT;D:\Program Files\Java\jdk1.8.0_162\bin;D:\Program Files\Java\jdk1.8.0_162\jre\bin;D:\Program Files\maven\bin;D:\nginx-1.15.3;D:\Program Files\JetBrains\php-7.2.12-nts;d:\Program Files\Microsoft VS Code\bin;C:\WINDOWS\System32\OpenSSH\;d:\Program Files\Git LFS;D:\Program Files\nodejs\node_global;D:\Program\nvm;d:\Program Files\nodejs;D:\Program Files\ngrok;D:\Program Files\TortoiseSVN\bin;D:\HashiCorp\Vagrant\bin;d:\Program Files\Git\cmd;D:\Program\flutter\bin;C:\Users\sirius\AppData\Local\Microsoft\WindowsApps;C:\Users\sirius\AppData\Local\atom\bin;d:\Program Files\Microsoft VS Code\bin;D:\Program Files\Microsoft VS Code\bin;C:\Users\sirius\AppData\Local\Microsoft\WindowsApps;d:\Program Files\Docker Toolbox;C:\Users\sirius\AppData\Roaming\npm;D:\Program\nvm;d:\Program Files\nodejs;d:\Program Files\JetBrains\IntelliJ IDEA 2018.3\bin;
USERNAME=sirius
OS=Windows_NT
PROCESSOR_IDENTIFIER=Intel64 Family 6 Model 142 Stepping 9, GenuineIntel



---------------  S Y S T E M  ---------------

OS: Windows 10.0 , 64 bit Build 17134 (10.0.17134.1)

CPU:total 4 (initial active 4) (2 cores per cpu, 2 threads per core) family 6 model 142 stepping 9, cmov, cx8, fxsr, mmx, sse, sse2, sse3, ssse3, sse4.1, sse4.2, popcnt, avx, avx2, aes, clmul, erms, 3dnowpref, lzcnt, ht, tsc, tscinvbit, bmi1, bmi2, adx

Memory: 4k page, physical 7797968k(323500k free), swap 23263692k(0k free)

vm_info: Java HotSpot(TM) 64-Bit Server VM (25.162-b12) for windows-amd64 JRE (1.8.0_162-b12), built on Dec 19 2017 20:00:03 by "java_re" with MS VC++ 10.0 (VS2010)

time: Tue Dec 25 17:43:57 2018
elapsed time: 242 seconds (0d 0h 4m 2s)

